--- Contents of slurm-183914.out ---
Evaluating /home/bsb10/Downloads/cmpt431_A3/
Executing Testcase 1
Using 4 threads
/home/bsb10/Downloads/cmpt431_A3/page_rank_pull_parallel --nThreads 4 --nIterations 100 --inputFile /home/bsb10/Downloads/cmpt431_A3/input_graphs/roadNet-CA
Test case 1 exited with exit code : 0
Evaluating Test case 1...
Validation successful
Using DOUBLE
Your parallel execution time, T : 4.243756 seconds
Expected parallel execution time, T_expected : 8.0 seconds
Ideally, T should be equal to (or less than) T_expected
Evaluation successful
Evaluation script exited with exit code : 0
Executing Testcase 2
Using 4 threads
/home/bsb10/Downloads/cmpt431_A3/page_rank_push_parallel --nThreads 4 --nIterations 100 --inputFile /home/bsb10/Downloads/cmpt431_A3/input_graphs/roadNet-CA
Test case 2 exited with exit code : 0
Evaluating Test case 2...
Validation successful
Using DOUBLE
Your parallel execution time, T : 7.434951 seconds
Expected parallel execution time, T_expected : 13.0 seconds
Ideally, T should be equal to (or less than) T_expected
Evaluation successful
Evaluation script exited with exit code : 0
Executing Testcase 3
Using 4 threads
/home/bsb10/Downloads/cmpt431_A3/page_rank_push_parallel_atomic --nThreads 4 --nIterations 100 --inputFile /home/bsb10/Downloads/cmpt431_A3/input_graphs/roadNet-CA
Test case 3 exited with exit code : 0
Evaluating Test case 3...
Validation successful
Using DOUBLE
Your parallel execution time, T : 7.935036 seconds
Expected parallel execution time, T_expected : 8.0 seconds
Ideally, T should be equal to (or less than) T_expected
Evaluation successful
Evaluation script exited with exit code : 0
Executing Testcase 4
Using 4 threads
/home/bsb10/Downloads/cmpt431_A3/page_rank_pull_parallel --nThreads 4 --nIterations 50 --inputFile /home/bsb10/Downloads/cmpt431_A3/input_graphs/web-Google
Test case 4 exited with exit code : 0
Evaluating Test case 4...
Validation successful
Using DOUBLE
Your parallel execution time, T : 5.630558 seconds
Expected parallel execution time, T_expected : 8.0 seconds
Ideally, T should be equal to (or less than) T_expected
Evaluation successful
Evaluation script exited with exit code : 0
Executing Testcase 5
Using 4 threads
/home/bsb10/Downloads/cmpt431_A3/page_rank_push_parallel --nThreads 4 --nIterations 50 --inputFile /home/bsb10/Downloads/cmpt431_A3/input_graphs/web-Google
Test case 5 exited with exit code : 0
Evaluating Test case 5...
Validation successful
Using DOUBLE
Your parallel execution time, T : 3.892459 seconds
Expected parallel execution time, T_expected : 16.0 seconds
Ideally, T should be equal to (or less than) T_expected
Evaluation successful
Evaluation script exited with exit code : 0
Executing Testcase 6
Using 4 threads
/home/bsb10/Downloads/cmpt431_A3/page_rank_push_parallel_atomic --nThreads 4 --nIterations 50 --inputFile /home/bsb10/Downloads/cmpt431_A3/input_graphs/web-Google
Test case 6 exited with exit code : 0
Evaluating Test case 6...
Validation successful
Using DOUBLE
Your parallel execution time, T : 13.044336 seconds
Expected parallel execution time, T_expected : 13.0 seconds
Ideally, T should be equal to (or less than) T_expected
Evaluation successful
Evaluation script exited with exit code : 0


--- Contents of slurm-183916.out ---
Running page_rank_pull_parallel with 1 Threads: Iteration 1 InputFile: /scratch/input_graphs/test_25M_50M
Using DOUBLE
Number of Threads : 1
Number of Iterations: 20
Reading graph
Created graph
thread_id, time_taken
0, 251.845448
Sum of page ranks : 13887925.279471
Time taken (in seconds) : 251.846086


--- Contents of slurm-183917.out ---
Running page_rank_push_parallel with 1 Threads: Iteration 1 InputFile: /scratch/input_graphs/test_25M_50M
Using DOUBLE
Number of Threads : 1
Number of Iterations: 20
Reading graph
Created graph
thread_id, time_taken
0, 120.632946
Sum of page ranks : 13887925.279471
Time taken (in seconds) : 120.836421


--- Contents of slurm-183918.out ---
Running page_rank_push_parallel_atomic with 1 Threads: Iteration 1 InputFile: /scratch/input_graphs/test_25M_50M
Using DOUBLE
Number of Threads : 1
Number of Iterations: 20
Reading graph
Created graph
thread_id, time_taken
0, 295.838987
Sum of page ranks : 13887925.279471
Time taken (in seconds) : 295.839572


--- Contents of slurm-183919.out ---
Running page_rank_pull_parallel with 1 Threads: Iteration 2 InputFile: /scratch/input_graphs/test_25M_50M
Using DOUBLE
Number of Threads : 1
Number of Iterations: 20
Reading graph
Created graph
thread_id, time_taken
0, 253.489928
Sum of page ranks : 13887925.279471
Time taken (in seconds) : 253.490462


--- Contents of slurm-183927.out ---
Running page_rank_push_parallel with 1 Threads: Iteration 2 InputFile: /scratch/input_graphs/test_25M_50M
Using DOUBLE
Number of Threads : 1
Number of Iterations: 20
Reading graph
Created graph
thread_id, time_taken
0, 164.549699
Sum of page ranks : 13887925.279471
Time taken (in seconds) : 164.784581


--- Contents of slurm-183928.out ---
Running page_rank_push_parallel_atomic with 1 Threads: Iteration 2 InputFile: /scratch/input_graphs/test_25M_50M
Using DOUBLE
Number of Threads : 1
Number of Iterations: 20
Reading graph
Created graph
thread_id, time_taken
0, 339.125485
Sum of page ranks : 13887925.279471
Time taken (in seconds) : 339.126050


--- Contents of slurm-183929.out ---
Running page_rank_pull_parallel with 1 Threads: Iteration 3 InputFile: /scratch/input_graphs/test_25M_50M
Using DOUBLE
Number of Threads : 1
Number of Iterations: 20
Reading graph
Created graph
thread_id, time_taken
0, 293.957488
Sum of page ranks : 13887925.279471
Time taken (in seconds) : 293.958111


--- Contents of slurm-183930.out ---
Running page_rank_push_parallel with 1 Threads: Iteration 3 InputFile: /scratch/input_graphs/test_25M_50M
Using DOUBLE
Number of Threads : 1
Number of Iterations: 20
Reading graph
Created graph
thread_id, time_taken
0, 164.919661
Sum of page ranks : 13887925.279471
Time taken (in seconds) : 165.171939


--- Contents of slurm-183948.out ---
Running page_rank_push_parallel_atomic with 1 Threads: Iteration 3 InputFile: /scratch/input_graphs/test_25M_50M
Using DOUBLE
Number of Threads : 1
Number of Iterations: 20
Reading graph
Created graph
thread_id, time_taken
0, 339.165349
Sum of page ranks : 13887925.279471
Time taken (in seconds) : 339.166001


--- Contents of slurm-183949.out ---
Running page_rank_pull_parallel with 2 Threads: Iteration 1 InputFile: /scratch/input_graphs/test_25M_50M
Using DOUBLE
Number of Threads : 2
Number of Iterations: 20
Reading graph
Created graph
thread_id, time_taken
0, 142.879321
1, 142.865752
Sum of page ranks : 13887925.279471
Time taken (in seconds) : 142.880074


--- Contents of slurm-183950.out ---
Running page_rank_push_parallel with 2 Threads: Iteration 1 InputFile: /scratch/input_graphs/test_25M_50M
Using DOUBLE
Number of Threads : 2
Number of Iterations: 20
Reading graph
Created graph
thread_id, time_taken
0, 103.166878
1, 102.927035
Sum of page ranks : 13887925.279471
Time taken (in seconds) : 103.391208


--- Contents of slurm-183951.out ---
Running page_rank_push_parallel_atomic with 2 Threads: Iteration 1 InputFile: /scratch/input_graphs/test_25M_50M
Using DOUBLE
Number of Threads : 2
Number of Iterations: 20
Reading graph
Created graph
thread_id, time_taken
0, 167.199369
1, 167.199323
Sum of page ranks : 13887925.279471
Time taken (in seconds) : 167.199963


--- Contents of slurm-183970.out ---
Running page_rank_pull_parallel with 2 Threads: Iteration 2 InputFile: /scratch/input_graphs/test_25M_50M
Using DOUBLE
Number of Threads : 2
Number of Iterations: 20
Reading graph
Created graph
thread_id, time_taken
0, 112.967066
1, 112.954285
Sum of page ranks : 13887925.279471
Time taken (in seconds) : 112.967760


--- Contents of slurm-183971.out ---
Running page_rank_push_parallel with 2 Threads: Iteration 2 InputFile: /scratch/input_graphs/test_25M_50M
Using DOUBLE
Number of Threads : 2
Number of Iterations: 20
Reading graph
Created graph
thread_id, time_taken
0, 92.835777
1, 92.499940
Sum of page ranks : 13887925.279471
Time taken (in seconds) : 93.088404


--- Contents of slurm-183972.out ---
Running page_rank_push_parallel_atomic with 2 Threads: Iteration 2 InputFile: /scratch/input_graphs/test_25M_50M
Using DOUBLE
Number of Threads : 2
Number of Iterations: 20
Reading graph
Created graph
thread_id, time_taken
0, 102.137954
1, 102.137915
Sum of page ranks : 13887925.279471
Time taken (in seconds) : 102.138333


--- Contents of slurm-183973.out ---
Running page_rank_pull_parallel with 2 Threads: Iteration 3 InputFile: /scratch/input_graphs/test_25M_50M
Using DOUBLE
Number of Threads : 2
Number of Iterations: 20
Reading graph
Created graph
thread_id, time_taken
0, 74.640459
1, 74.626671
Sum of page ranks : 13887925.279471
Time taken (in seconds) : 74.640942


--- Contents of slurm-183976.out ---
Running page_rank_push_parallel with 2 Threads: Iteration 3 InputFile: /scratch/input_graphs/test_25M_50M
Using DOUBLE
Number of Threads : 2
Number of Iterations: 20
Reading graph
Created graph
thread_id, time_taken
0, 63.262792
1, 63.062694
Sum of page ranks : 13887925.279471
Time taken (in seconds) : 63.452292


--- Contents of slurm-183977.out ---
Running page_rank_push_parallel_atomic with 2 Threads: Iteration 3 InputFile: /scratch/input_graphs/test_25M_50M
Using DOUBLE
Number of Threads : 2
Number of Iterations: 20
Reading graph
Created graph
thread_id, time_taken
0, 162.359902
1, 162.345161
Sum of page ranks : 13887925.279471
Time taken (in seconds) : 162.360412


--- Contents of slurm-183978.out ---
Running page_rank_pull_parallel with 4 Threads: Iteration 1 InputFile: /scratch/input_graphs/test_25M_50M
Using DOUBLE
Number of Threads : 4
Number of Iterations: 20
Reading graph
Created graph
thread_id, time_taken
0, 38.057797
1, 38.057769
2, 38.057718
3, 38.037032
Sum of page ranks : 13887925.279471
Time taken (in seconds) : 38.058282


--- Contents of slurm-183985.out ---
Running page_rank_push_parallel with 4 Threads: Iteration 1 InputFile: /scratch/input_graphs/test_25M_50M
Using DOUBLE
Number of Threads : 4
Number of Iterations: 20
Reading graph
Created graph
thread_id, time_taken
0, 35.000954
1, 34.846792
2, 34.687766
3, 34.521662
Sum of page ranks : 13887925.279471
Time taken (in seconds) : 35.148039


--- Contents of slurm-183986.out ---
Running page_rank_push_parallel_atomic with 4 Threads: Iteration 1 InputFile: /scratch/input_graphs/test_25M_50M
Using DOUBLE
Number of Threads : 4
Number of Iterations: 20
Reading graph
Created graph
thread_id, time_taken
0, 70.623759
1, 70.623719
2, 70.623556
3, 70.606094
Sum of page ranks : 13887925.279471
Time taken (in seconds) : 70.625131


--- Contents of slurm-183990.out ---
Running page_rank_pull_parallel with 4 Threads: Iteration 2 InputFile: /scratch/input_graphs/test_25M_50M
Using DOUBLE
Number of Threads : 4
Number of Iterations: 20
Reading graph
Created graph
thread_id, time_taken
0, 37.148375
1, 37.148339
2, 37.148310
3, 37.130094
Sum of page ranks : 13887925.279471
Time taken (in seconds) : 37.148945


--- Contents of slurm-183991.out ---
Running page_rank_push_parallel with 4 Threads: Iteration 2 InputFile: /scratch/input_graphs/test_25M_50M
Using DOUBLE
Number of Threads : 4
Number of Iterations: 20
Reading graph
Created graph
thread_id, time_taken
0, 52.206460
1, 51.993351
2, 51.769766
3, 51.530406
Sum of page ranks : 13887925.279471
Time taken (in seconds) : 52.399269


--- Contents of slurm-183994.out ---
Running page_rank_push_parallel_atomic with 4 Threads: Iteration 2 InputFile: /scratch/input_graphs/test_25M_50M
Using DOUBLE
Number of Threads : 4
Number of Iterations: 20
Reading graph
Created graph
thread_id, time_taken
0, 54.401600
1, 54.401590
2, 54.401543
3, 54.386959
Sum of page ranks : 13887925.279471
Time taken (in seconds) : 54.402212


--- Contents of slurm-183995.out ---
Running page_rank_pull_parallel with 4 Threads: Iteration 3 InputFile: /scratch/input_graphs/test_25M_50M
Using DOUBLE
Number of Threads : 4
Number of Iterations: 20
Reading graph
Created graph
thread_id, time_taken
0, 37.965138
1, 37.965103
2, 37.965056
3, 37.963028
Sum of page ranks : 13887925.279471
Time taken (in seconds) : 37.965719


--- Contents of slurm-184001.out ---
Running page_rank_push_parallel with 4 Threads: Iteration 3 InputFile: /scratch/input_graphs/test_25M_50M
Using DOUBLE
Number of Threads : 4
Number of Iterations: 20
Reading graph
Created graph
thread_id, time_taken
0, 36.238189
1, 36.089228
2, 35.933909
3, 35.770677
Sum of page ranks : 13887925.279471
Time taken (in seconds) : 36.382575


--- Contents of slurm-184002.out ---
Running page_rank_push_parallel_atomic with 4 Threads: Iteration 3 InputFile: /scratch/input_graphs/test_25M_50M
Using DOUBLE
Number of Threads : 4
Number of Iterations: 20
Reading graph
Created graph
thread_id, time_taken
0, 54.749855
1, 54.749828
2, 54.749764
3, 54.734041
Sum of page ranks : 13887925.279471
Time taken (in seconds) : 54.750491


--- Contents of slurm-184006.out ---
Running page_rank_pull_parallel with 8 Threads: Iteration 1 InputFile: /scratch/input_graphs/test_25M_50M
Using DOUBLE
Number of Threads : 8
Number of Iterations: 20
Reading graph
Created graph
thread_id, time_taken
0, 25.361660
1, 25.361554
2, 25.361541
3, 25.361504
4, 25.361489
5, 25.348210
6, 25.336200
7, 25.361398
Sum of page ranks : 13887925.279471
Time taken (in seconds) : 25.362682


--- Contents of slurm-184009.out ---
Running page_rank_push_parallel with 8 Threads: Iteration 1 InputFile: /scratch/input_graphs/test_25M_50M
Using DOUBLE
Number of Threads : 8
Number of Iterations: 20
Reading graph
Created graph
thread_id, time_taken
0, 34.678590
1, 34.531393
2, 34.419949
3, 34.248404
4, 34.114780
5, 33.921827
6, 33.761766
7, 33.577296
Sum of page ranks : 13887925.279471
Time taken (in seconds) : 34.831021


--- Contents of slurm-184019.out ---
Running page_rank_push_parallel_atomic with 8 Threads: Iteration 1 InputFile: /scratch/input_graphs/test_25M_50M
Using DOUBLE
Number of Threads : 8
Number of Iterations: 20
Reading graph
Created graph
thread_id, time_taken
0, 43.266467
1, 43.266439
2, 43.249875
3, 43.266341
4, 43.266306
5, 43.266630
6, 43.266186
7, 43.266147
Sum of page ranks : 13887925.279471
Time taken (in seconds) : 43.267744


--- Contents of slurm-184023.out ---
Running page_rank_pull_parallel with 8 Threads: Iteration 2 InputFile: /scratch/input_graphs/test_25M_50M
Using DOUBLE
Number of Threads : 8
Number of Iterations: 20
Reading graph
Created graph
thread_id, time_taken
0, 44.892564
1, 44.892539
2, 44.892393
3, 44.892353
4, 44.892227
5, 44.892148
6, 44.892070
7, 44.876418
Sum of page ranks : 13887925.279471
Time taken (in seconds) : 44.893922


--- Contents of slurm-184028.out ---
Running page_rank_push_parallel with 8 Threads: Iteration 2 InputFile: /scratch/input_graphs/test_25M_50M
Using DOUBLE
Number of Threads : 8
Number of Iterations: 20
Reading graph
Created graph
thread_id, time_taken
0, 69.269210
1, 69.012245
2, 68.793880
3, 68.534258
4, 68.211283
5, 67.878921
6, 67.482501
7, 67.104445
Sum of page ranks : 13887925.279471
Time taken (in seconds) : 69.578039


--- Contents of slurm-184031.out ---
Running page_rank_push_parallel_atomic with 8 Threads: Iteration 2 InputFile: /scratch/input_graphs/test_25M_50M
Using DOUBLE
Number of Threads : 8
Number of Iterations: 20
Reading graph
Created graph
thread_id, time_taken
0, 37.895787
1, 37.895713
2, 37.895668
3, 37.895626
4, 37.895593
5, 37.895445
6, 37.889759
7, 37.895471
Sum of page ranks : 13887925.279471
Time taken (in seconds) : 37.897233


--- Contents of slurm-184034.out ---
Running page_rank_pull_parallel with 8 Threads: Iteration 3 InputFile: /scratch/input_graphs/test_25M_50M
Using DOUBLE
Number of Threads : 8
Number of Iterations: 20
Reading graph
Created graph
thread_id, time_taken
0, 23.821037
1, 23.821038
2, 23.805860
3, 23.820960
4, 23.820861
5, 23.805867
6, 23.797876
7, 23.789840
Sum of page ranks : 13887925.279471
Time taken (in seconds) : 23.822372


--- Contents of slurm-184037.out ---
Running page_rank_push_parallel with 8 Threads: Iteration 3 InputFile: /scratch/input_graphs/test_25M_50M
Using DOUBLE
Number of Threads : 8
Number of Iterations: 20
Reading graph
Created graph
thread_id, time_taken
0, 37.091642
1, 36.934784
2, 36.751417
3, 36.585913
4, 36.327561
5, 36.153418
6, 35.945428
7, 35.776310
Sum of page ranks : 13887925.279471
Time taken (in seconds) : 37.233605


--- Contents of slurm-184042.out ---
Running page_rank_push_parallel_atomic with 8 Threads: Iteration 3 InputFile: /scratch/input_graphs/test_25M_50M
Using DOUBLE
Number of Threads : 8
Number of Iterations: 20
Reading graph
Created graph
thread_id, time_taken
0, 34.508133
1, 34.508085
2, 34.508057
3, 34.508042
4, 34.507913
5, 34.507954
6, 34.493305
7, 34.507903
Sum of page ranks : 13887925.279471
Time taken (in seconds) : 34.509429


