--- Contents of slurm-180242.out ---
Running page_rank_pull_parallel with 1 Threads: Iteration 1
Using DOUBLE
Number of Threads : 1
Number of Iterations: 20
Reading graph
Created graph
thread_id, time_taken
0, 3.555542
Sum of page ranks : 1966117.250000
Time taken (in seconds) : 3.556077


--- Contents of slurm-180243.out ---
Running page_rank_push_parallel with 1 Threads: Iteration 1
Using DOUBLE
Number of Threads : 1
Number of Iterations: 20
Reading graph
Created graph
thread_id, time_taken
0, 2.386666
Sum of page ranks : 1966117.250000
Time taken (in seconds) : 2.403532


--- Contents of slurm-180244.out ---
Running page_rank_push_parallel_atomic with 1 Threads: Iteration 1
Using DOUBLE
Number of Threads : 1
Number of Iterations: 20
Reading graph
Created graph
thread_id, time_taken
0, 6.346733
Sum of page ranks : 1966117.250000
Time taken (in seconds) : 6.347227


--- Contents of slurm-180245.out ---
Running page_rank_pull_parallel with 1 Threads: Iteration 2
Using DOUBLE
Number of Threads : 1
Number of Iterations: 20
Reading graph
Created graph
thread_id, time_taken
0, 3.525848
Sum of page ranks : 1966117.250000
Time taken (in seconds) : 3.526346


--- Contents of slurm-180246.out ---
Running page_rank_push_parallel with 1 Threads: Iteration 2
Using DOUBLE
Number of Threads : 1
Number of Iterations: 20
Reading graph
Created graph
thread_id, time_taken
0, 2.340772
Sum of page ranks : 1966117.250000
Time taken (in seconds) : 2.357979


--- Contents of slurm-180247.out ---
Running page_rank_push_parallel_atomic with 1 Threads: Iteration 2
Using DOUBLE
Number of Threads : 1
Number of Iterations: 20
Reading graph
Created graph
thread_id, time_taken
0, 6.110162
Sum of page ranks : 1966117.250000
Time taken (in seconds) : 6.110926


--- Contents of slurm-180248.out ---
Running page_rank_pull_parallel with 1 Threads: Iteration 3
Using DOUBLE
Number of Threads : 1
Number of Iterations: 20
Reading graph
Created graph
thread_id, time_taken
0, 3.332030
Sum of page ranks : 1966117.250000
Time taken (in seconds) : 3.332623


--- Contents of slurm-180249.out ---
Running page_rank_push_parallel with 1 Threads: Iteration 3
Using DOUBLE
Number of Threads : 1
Number of Iterations: 20
Reading graph
Created graph
thread_id, time_taken
0, 2.340582
Sum of page ranks : 1966117.250000
Time taken (in seconds) : 2.357678


--- Contents of slurm-180250.out ---
Running page_rank_push_parallel_atomic with 1 Threads: Iteration 3
Using DOUBLE
Number of Threads : 1
Number of Iterations: 20
Reading graph
Created graph
thread_id, time_taken
0, 5.948717
Sum of page ranks : 1966117.250000
Time taken (in seconds) : 5.949386


--- Contents of slurm-180251.out ---
Running page_rank_pull_parallel with 2 Threads: Iteration 1
Using DOUBLE
Number of Threads : 2
Number of Iterations: 20
Reading graph
Created graph
thread_id, time_taken
0, 1.868416
1, 1.854511
Sum of page ranks : 1966117.250000
Time taken (in seconds) : 1.869112


--- Contents of slurm-180252.out ---
Running page_rank_push_parallel with 2 Threads: Iteration 1
Using DOUBLE
Number of Threads : 2
Number of Iterations: 20
Reading graph
Created graph
thread_id, time_taken
0, 1.669017
1, 1.652739
Sum of page ranks : 1966117.250000
Time taken (in seconds) : 1.686568


--- Contents of slurm-180253.out ---
Running page_rank_push_parallel_atomic with 2 Threads: Iteration 1
Using DOUBLE
Number of Threads : 2
Number of Iterations: 20
Reading graph
Created graph
thread_id, time_taken
0, 3.198682
1, 3.186097
Sum of page ranks : 1966117.250000
Time taken (in seconds) : 3.199244


--- Contents of slurm-180254.out ---
Running page_rank_pull_parallel with 2 Threads: Iteration 2
Using DOUBLE
Number of Threads : 2
Number of Iterations: 20
Reading graph
Created graph
thread_id, time_taken
0, 1.997550
1, 1.984745
Sum of page ranks : 1966117.250000
Time taken (in seconds) : 1.998261


--- Contents of slurm-180255.out ---
Running page_rank_push_parallel with 2 Threads: Iteration 2
Using DOUBLE
Number of Threads : 2
Number of Iterations: 20
Reading graph
Created graph
thread_id, time_taken
0, 1.802014
1, 1.784136
Sum of page ranks : 1966117.250000
Time taken (in seconds) : 1.818942


--- Contents of slurm-180256.out ---
Running page_rank_push_parallel_atomic with 2 Threads: Iteration 2
Using DOUBLE
Number of Threads : 2
Number of Iterations: 20
Reading graph
Created graph
thread_id, time_taken
0, 3.344482
1, 3.330959
Sum of page ranks : 1966117.250000
Time taken (in seconds) : 3.345150


--- Contents of slurm-180257.out ---
Running page_rank_pull_parallel with 2 Threads: Iteration 3
Using DOUBLE
Number of Threads : 2
Number of Iterations: 20
Reading graph
Created graph
thread_id, time_taken
0, 1.847319
1, 1.833732
Sum of page ranks : 1966117.250000
Time taken (in seconds) : 1.847899


--- Contents of slurm-180258.out ---
Running page_rank_push_parallel with 2 Threads: Iteration 3
Using DOUBLE
Number of Threads : 2
Number of Iterations: 20
Reading graph
Created graph
thread_id, time_taken
0, 1.443268
1, 1.427280
Sum of page ranks : 1966117.250000
Time taken (in seconds) : 1.458751


--- Contents of slurm-180259.out ---
Running page_rank_push_parallel_atomic with 2 Threads: Iteration 3
Using DOUBLE
Number of Threads : 2
Number of Iterations: 20
Reading graph
Created graph
thread_id, time_taken
0, 3.174712
1, 3.159578
Sum of page ranks : 1966117.250000
Time taken (in seconds) : 3.175382


--- Contents of slurm-180260.out ---
Running page_rank_pull_parallel with 4 Threads: Iteration 1
Using DOUBLE
Number of Threads : 4
Number of Iterations: 20
Reading graph
Created graph
thread_id, time_taken
0, 0.907756
1, 0.907718
2, 0.907672
3, 0.891391
Sum of page ranks : 1966117.250000
Time taken (in seconds) : 0.908801


--- Contents of slurm-180262.out ---
Running page_rank_push_parallel with 4 Threads: Iteration 1
Using DOUBLE
Number of Threads : 4
Number of Iterations: 20
Reading graph
Created graph
thread_id, time_taken
0, 1.605929
1, 1.591527
2, 1.573455
3, 1.556308
Sum of page ranks : 1966117.250000
Time taken (in seconds) : 1.621829


--- Contents of slurm-180263.out ---
Running page_rank_push_parallel_atomic with 4 Threads: Iteration 1
Using DOUBLE
Number of Threads : 4
Number of Iterations: 20
Reading graph
Created graph
thread_id, time_taken
0, 1.737330
1, 1.737290
2, 1.737240
3, 1.723796
Sum of page ranks : 1966117.250000
Time taken (in seconds) : 1.738042


--- Contents of slurm-180264.out ---
Running page_rank_pull_parallel with 4 Threads: Iteration 2
Using DOUBLE
Number of Threads : 4
Number of Iterations: 20
Reading graph
Created graph
thread_id, time_taken
0, 0.995721
1, 0.995676
2, 0.995634
3, 0.982077
Sum of page ranks : 1966117.250000
Time taken (in seconds) : 0.996546


--- Contents of slurm-180265.out ---
Running page_rank_push_parallel with 4 Threads: Iteration 2
Using DOUBLE
Number of Threads : 4
Number of Iterations: 20
Reading graph
Created graph
thread_id, time_taken
0, 1.732499
1, 1.714486
2, 1.695413
3, 1.674160
Sum of page ranks : 1966117.250000
Time taken (in seconds) : 1.748580


--- Contents of slurm-180266.out ---
Running page_rank_push_parallel_atomic with 4 Threads: Iteration 2
Using DOUBLE
Number of Threads : 4
Number of Iterations: 20
Reading graph
Created graph
thread_id, time_taken
0, 1.600662
1, 1.600633
2, 1.600579
3, 1.588394
Sum of page ranks : 1966117.250000
Time taken (in seconds) : 1.601545


--- Contents of slurm-180267.out ---
Running page_rank_pull_parallel with 4 Threads: Iteration 3
Using DOUBLE
Number of Threads : 4
Number of Iterations: 20
Reading graph
Created graph
thread_id, time_taken
0, 0.991666
1, 0.991631
2, 0.991585
3, 0.977538
Sum of page ranks : 1966117.250000
Time taken (in seconds) : 0.992367


--- Contents of slurm-180268.out ---
Running page_rank_push_parallel with 4 Threads: Iteration 3
Using DOUBLE
Number of Threads : 4
Number of Iterations: 20
Reading graph
Created graph
thread_id, time_taken
0, 1.597332
1, 1.581432
2, 1.563170
3, 1.544591
Sum of page ranks : 1966117.250000
Time taken (in seconds) : 1.613401


--- Contents of slurm-180269.out ---
Running page_rank_push_parallel_atomic with 4 Threads: Iteration 3
Using DOUBLE
Number of Threads : 4
Number of Iterations: 20
Reading graph
Created graph
thread_id, time_taken
0, 1.740680
1, 1.740628
2, 1.740581
3, 1.726858
Sum of page ranks : 1966117.250000
Time taken (in seconds) : 1.741389


--- Contents of slurm-180270.out ---
Running page_rank_pull_parallel with 8 Threads: Iteration 1
Using DOUBLE
Number of Threads : 8
Number of Iterations: 20
Reading graph
Created graph
thread_id, time_taken
0, 0.730799
1, 0.730768
2, 0.730678
3, 0.730489
4, 0.730644
5, 0.715668
6, 0.707220
7, 0.730510
Sum of page ranks : 1966117.250000
Time taken (in seconds) : 0.731856


--- Contents of slurm-180271.out ---
Running page_rank_push_parallel with 8 Threads: Iteration 1
Using DOUBLE
Number of Threads : 8
Number of Iterations: 20
Reading graph
Created graph
thread_id, time_taken
0, 2.131418
1, 2.115833
2, 2.100173
3, 2.082386
4, 2.066644
5, 2.048916
6, 2.033250
7, 2.015409
Sum of page ranks : 1966117.250000
Time taken (in seconds) : 2.145692


--- Contents of slurm-180272.out ---
Running page_rank_push_parallel_atomic with 8 Threads: Iteration 1
Using DOUBLE
Number of Threads : 8
Number of Iterations: 20
Reading graph
Created graph
thread_id, time_taken
0, 0.842234
1, 0.842170
2, 0.842140
3, 0.842103
4, 0.841937
5, 0.827109
6, 0.815117
7, 0.841929
Sum of page ranks : 1966117.250000
Time taken (in seconds) : 0.843422


--- Contents of slurm-180273.out ---
Running page_rank_pull_parallel with 8 Threads: Iteration 2
Using DOUBLE
Number of Threads : 8
Number of Iterations: 20
Reading graph
Created graph
thread_id, time_taken
0, 0.721465
1, 0.721421
2, 0.721346
3, 0.721325
4, 0.721131
5, 0.721260
6, 0.706712
7, 0.721164
Sum of page ranks : 1966117.250000
Time taken (in seconds) : 0.722494


--- Contents of slurm-180274.out ---
Running page_rank_push_parallel with 8 Threads: Iteration 2
Using DOUBLE
Number of Threads : 8
Number of Iterations: 20
Reading graph
Created graph
thread_id, time_taken
0, 2.171511
1, 2.155198
2, 2.139894
3, 2.123145
4, 2.105786
5, 2.088650
6, 2.071475
7, 2.054373
Sum of page ranks : 1966117.250000
Time taken (in seconds) : 2.186638


--- Contents of slurm-180275.out ---
Running page_rank_push_parallel_atomic with 8 Threads: Iteration 2
Using DOUBLE
Number of Threads : 8
Number of Iterations: 20
Reading graph
Created graph
thread_id, time_taken
0, 0.937641
1, 0.937584
2, 0.937549
3, 0.922323
4, 0.918719
5, 0.934213
6, 0.922319
7, 0.937382
Sum of page ranks : 1966117.250000
Time taken (in seconds) : 0.938893


--- Contents of slurm-180276.out ---
Running page_rank_pull_parallel with 8 Threads: Iteration 3
Using DOUBLE
Number of Threads : 8
Number of Iterations: 20
Reading graph
Created graph
thread_id, time_taken
0, 0.755324
1, 0.755273
2, 0.755239
3, 0.755008
4, 0.754171
5, 0.742331
6, 0.755067
7, 0.730589
Sum of page ranks : 1966117.250000
Time taken (in seconds) : 0.756409


--- Contents of slurm-180277.out ---
Running page_rank_push_parallel with 8 Threads: Iteration 3
Using DOUBLE
Number of Threads : 8
Number of Iterations: 20
Reading graph
Created graph
thread_id, time_taken
0, 2.178583
1, 2.163151
2, 2.147102
3, 2.129663
4, 2.114206
5, 2.096711
6, 2.081400
7, 2.063978
Sum of page ranks : 1966117.250000
Time taken (in seconds) : 2.193858


--- Contents of slurm-180278.out ---
Running page_rank_push_parallel_atomic with 8 Threads: Iteration 3
Using DOUBLE
Number of Threads : 8
Number of Iterations: 20
Reading graph
Created graph
thread_id, time_taken
0, 0.853085
1, 0.853029
2, 0.852998
3, 0.852784
4, 0.852907
5, 0.838105
6, 0.826106
7, 0.852782
Sum of page ranks : 1966117.250000
Time taken (in seconds) : 0.854419


